This file contains any messages produced by compilers while
running configure, to aid debugging if configure makes a mistake.

It was created by 2dx configure 2.3-mpi, which was
generated by GNU Autoconf 2.61.  Invocation command line was

  $ ./configure --prefix=/usr/local/2dx --cache-file=/dev/null --srcdir=.

## --------- ##
## Platform. ##
## --------- ##

hostname = bs-mbp63.local
uname -m = i386
uname -r = 9.8.0
uname -s = Darwin
uname -v = Darwin Kernel Version 9.8.0: Wed Jul 15 16:55:01 PDT 2009; root:xnu-1228.15.4~1/RELEASE_I386

/usr/bin/uname -p = i386
/bin/uname -X     = unknown

/bin/arch              = unknown
/usr/bin/arch -k       = unknown
/usr/convex/getsysinfo = unknown
/usr/bin/hostinfo      = Mach kernel version:
	 Darwin Kernel Version 9.8.0: Wed Jul 15 16:55:01 PDT 2009; root:xnu-1228.15.4~1/RELEASE_I386
Kernel configured for up to 2 processors.
2 processors are physically available.
2 processors are logically available.
Processor type: i486 (Intel 80486)
Processors active: 0 1
Primary memory available: 4.00 gigabytes
Default processor set: 78 tasks, 302 threads, 2 processors
Load average: 1.26, Mach factor: 0.73
/bin/machine           = unknown
/usr/bin/oslevel       = unknown
/bin/universe          = unknown

PATH: /Applications/EMAN//EMAN.1.9/bin
PATH: /Applications/EMAN2//EMAN2.cvs/bin
PATH: /Applications/EMAN2//EMAN2.cvs/sparx/bin
PATH: /opt/local//IMOD/bin
PATH: /opt/local/bin
PATH: /usr/bin
PATH: /bin
PATH: /usr/sbin
PATH: /sbin
PATH: /usr/local/bin
PATH: /usr/texbin
PATH: /usr/X11/bin
PATH: /opt/local/bin
PATH: /usr/local/cuda/bin
PATH: /Users/gipsonb/sources/iplt/stage/bin
PATH: /Users/gipsonb/sources/dng/stage/bin


## ----------- ##
## Core tests. ##
## ----------- ##

configure:1709: checking for gcc
configure:1725: found /usr/bin/gcc
configure:1736: result: gcc
configure:1974: checking for C compiler version
configure:1981: gcc --version >&5
i686-apple-darwin9-gcc-4.0.1 (GCC) 4.0.1 (Apple Inc. build 5490)
Copyright (C) 2005 Free Software Foundation, Inc.
This is free software; see the source for copying conditions.  There is NO
warranty; not even for MERCHANTABILITY or FITNESS FOR A PARTICULAR PURPOSE.

configure:1984: $? = 0
configure:1991: gcc -v >&5
Using built-in specs.
Target: i686-apple-darwin9
Configured with: /var/tmp/gcc/gcc-5490~1/src/configure --disable-checking -enable-werror --prefix=/usr --mandir=/share/man --enable-languages=c,objc,c++,obj-c++ --program-transform-name=/^[cg][^.-]*$/s/$/-4.0/ --with-gxx-include-dir=/include/c++/4.0.0 --with-slibdir=/usr/lib --build=i686-apple-darwin9 --with-arch=apple --with-tune=generic --host=i686-apple-darwin9 --target=i686-apple-darwin9
Thread model: posix
gcc version 4.0.1 (Apple Inc. build 5490)
configure:1994: $? = 0
configure:2001: gcc -V >&5
gcc-4.0: argument to `-V' is missing
configure:2004: $? = 1
configure:2027: checking for C compiler default output file name
configure:2054: gcc    conftest.c  >&5
configure:2057: $? = 0
configure:2095: result: a.out
configure:2112: checking whether the C compiler works
configure:2122: ./a.out
configure:2125: $? = 0
configure:2142: result: yes
configure:2149: checking whether we are cross compiling
configure:2151: result: no
configure:2154: checking for suffix of executables
configure:2161: gcc -o conftest    conftest.c  >&5
configure:2164: $? = 0
configure:2188: result: 
configure:2194: checking for suffix of object files
configure:2220: gcc -c   conftest.c >&5
configure:2223: $? = 0
configure:2246: result: o
configure:2250: checking whether we are using the GNU C compiler
configure:2279: gcc -c   conftest.c >&5
configure:2285: $? = 0
configure:2302: result: yes
configure:2307: checking whether gcc accepts -g
configure:2337: gcc -c -g  conftest.c >&5
configure:2343: $? = 0
configure:2442: result: yes
configure:2459: checking for gcc option to accept ISO C89
configure:2533: gcc  -c -g -O2  conftest.c >&5
configure:2539: $? = 0
configure:2562: result: none needed
configure:2638: checking for g++
configure:2654: found /usr/bin/g++
configure:2665: result: g++
configure:2696: checking for C++ compiler version
configure:2703: g++ --version >&5
i686-apple-darwin9-g++-4.0.1 (GCC) 4.0.1 (Apple Inc. build 5490)
Copyright (C) 2005 Free Software Foundation, Inc.
This is free software; see the source for copying conditions.  There is NO
warranty; not even for MERCHANTABILITY or FITNESS FOR A PARTICULAR PURPOSE.

configure:2706: $? = 0
configure:2713: g++ -v >&5
Using built-in specs.
Target: i686-apple-darwin9
Configured with: /var/tmp/gcc/gcc-5490~1/src/configure --disable-checking -enable-werror --prefix=/usr --mandir=/share/man --enable-languages=c,objc,c++,obj-c++ --program-transform-name=/^[cg][^.-]*$/s/$/-4.0/ --with-gxx-include-dir=/include/c++/4.0.0 --with-slibdir=/usr/lib --build=i686-apple-darwin9 --with-arch=apple --with-tune=generic --host=i686-apple-darwin9 --target=i686-apple-darwin9
Thread model: posix
gcc version 4.0.1 (Apple Inc. build 5490)
configure:2716: $? = 0
configure:2723: g++ -V >&5
g++-4.0: argument to `-V' is missing
configure:2726: $? = 1
configure:2729: checking whether we are using the GNU C++ compiler
configure:2758: g++ -c   conftest.cpp >&5
configure:2764: $? = 0
configure:2781: result: yes
configure:2786: checking whether g++ accepts -g
configure:2816: g++ -c -g  conftest.cpp >&5
configure:2822: $? = 0
configure:2921: result: yes
configure:2997: checking for gfortran
configure:3027: result: no
configure:2997: checking for g95
configure:3013: found /opt/local/bin/g95
configure:3024: result: g95
configure:3054: checking for Fortran compiler version
configure:3061: g95 --version >&5
G95 (GCC 4.0.4 (g95 0.91!) Jun 18 2009)
Copyright (C) 2002-2005 Free Software Foundation, Inc.

G95 comes with NO WARRANTY, to the extent permitted by law.
You may redistribute copies of G95
under the terms of the GNU General Public License.
For more information about these matters, see the file named COPYING
configure:3064: $? = 0
configure:3071: g95 -v >&5
Using built-in specs.
Target: 
Configured with: ../configure --prefix=/opt/local/lib/gcc-lib/i386-apple-darwin9.7.0/4.0.4 --with-libiconv-prefix=/opt/local/include --enable-languages=c --with-as=/usr/bin/as --with-ld=/usr/bin/ld --with-nm=/usr/bin/nm --with-included-gettext
Thread model: posix
gcc version 4.0.4 (g95 0.91!) Jun 18 2009
configure:3074: $? = 0
configure:3081: g95 -V >&5
g95: '-V' option must have argument
configure:3084: $? = 1
configure:3092: checking whether we are using the GNU Fortran compiler
configure:3111: g95 -c   conftest.F >&5
configure:3117: $? = 0
configure:3134: result: yes
configure:3140: checking whether g95 accepts -g
configure:3157: g95 -c -g  conftest.f >&5
configure:3163: $? = 0
configure:3179: result: yes
configure:3247: checking for a BSD-compatible install
configure:3303: result: /opt/local/bin/ginstall -c
configure:3458: creating ./config.status

## ---------------------- ##
## Running config.status. ##
## ---------------------- ##

This file was extended by 2dx config.status 2.3-mpi, which was
generated by GNU Autoconf 2.61.  Invocation command line was

  CONFIG_FILES    = 
  CONFIG_HEADERS  = 
  CONFIG_LINKS    = 
  CONFIG_COMMANDS = 
  $ ./config.status 

on bs-mbp63.local

config.status:582: creating Makefile
configure:4410: === configuring in ./mrc (/Users/gipsonb/Projects/2dx-stable/kernel/./mrc)
configure:4513: running /bin/sh ./configure '--prefix=/usr/local/2dx'  --cache-file=/dev/null --srcdir=.

## ---------------- ##
## Cache variables. ##
## ---------------- ##

ac_cv_c_compiler_gnu=yes
ac_cv_cxx_compiler_gnu=yes
ac_cv_env_CCC_set=
ac_cv_env_CCC_value=
ac_cv_env_CC_set=
ac_cv_env_CC_value=
ac_cv_env_CFLAGS_set=
ac_cv_env_CFLAGS_value=
ac_cv_env_CPPFLAGS_set=
ac_cv_env_CPPFLAGS_value=
ac_cv_env_CXXFLAGS_set=
ac_cv_env_CXXFLAGS_value=
ac_cv_env_CXX_set=
ac_cv_env_CXX_value=
ac_cv_env_FCFLAGS_set=
ac_cv_env_FCFLAGS_value=
ac_cv_env_FC_set=
ac_cv_env_FC_value=
ac_cv_env_LDFLAGS_set=
ac_cv_env_LDFLAGS_value=
ac_cv_env_LIBS_set=
ac_cv_env_LIBS_value=
ac_cv_env_build_alias_set=
ac_cv_env_build_alias_value=
ac_cv_env_host_alias_set=
ac_cv_env_host_alias_value=
ac_cv_env_target_alias_set=
ac_cv_env_target_alias_value=
ac_cv_fc_compiler_gnu=yes
ac_cv_objext=o
ac_cv_path_install='/opt/local/bin/ginstall -c'
ac_cv_prog_ac_ct_CC=gcc
ac_cv_prog_ac_ct_CXX=g++
ac_cv_prog_ac_ct_FC=g95
ac_cv_prog_cc_c89=
ac_cv_prog_cc_g=yes
ac_cv_prog_cxx_g=yes
ac_cv_prog_fc_g=yes

## ----------------- ##
## Output variables. ##
## ----------------- ##

CC='gcc'
CFLAGS='-g -O2'
CPPFLAGS=''
CXX='g++'
CXXFLAGS='-g -O2'
DEFS='-DPACKAGE_NAME=\"2dx\" -DPACKAGE_TARNAME=\"2dx\" -DPACKAGE_VERSION=\"2.3-mpi\" -DPACKAGE_STRING=\"2dx\ 2.3-mpi\" -DPACKAGE_BUGREPORT=\"\"'
ECHO_C=''
ECHO_N='-n'
ECHO_T=''
EXEEXT=''
FC='g95'
FCFLAGS='-g -O2'
INSTALL_DATA='${INSTALL} -m 644'
INSTALL_PROGRAM='${INSTALL}'
INSTALL_SCRIPT='${INSTALL}'
LDFLAGS=''
LIBOBJS=''
LIBS=''
LTLIBOBJS=''
OBJEXT='o'
PACKAGE_BUGREPORT=''
PACKAGE_NAME='2dx'
PACKAGE_STRING='2dx 2.3-mpi'
PACKAGE_TARNAME='2dx'
PACKAGE_VERSION='2.3-mpi'
PATH_SEPARATOR=':'
SHELL='/bin/sh'
ac_ct_CC='gcc'
ac_ct_CXX='g++'
ac_ct_FC='g95'
bindir='${exec_prefix}/bin'
build_alias=''
datadir='${datarootdir}'
datarootdir='${prefix}/share'
docdir='${datarootdir}/doc/${PACKAGE_TARNAME}'
dvidir='${docdir}'
exec_prefix='${prefix}'
host_alias=''
htmldir='${docdir}'
includedir='${prefix}/include'
infodir='${datarootdir}/info'
libdir='${exec_prefix}/lib'
libexecdir='${exec_prefix}/libexec'
localedir='${datarootdir}/locale'
localstatedir='${prefix}/var'
mandir='${datarootdir}/man'
oldincludedir='/usr/include'
pdfdir='${docdir}'
prefix='/usr/local/2dx'
program_transform_name='s,x,x,'
psdir='${docdir}'
sbindir='${exec_prefix}/sbin'
sharedstatedir='${prefix}/com'
subdirs=' ./mrc'
sysconfdir='${prefix}/etc'
target_alias=''

## ----------- ##
## confdefs.h. ##
## ----------- ##

#define PACKAGE_NAME "2dx"
#define PACKAGE_TARNAME "2dx"
#define PACKAGE_VERSION "2.3-mpi"
#define PACKAGE_STRING "2dx 2.3-mpi"
#define PACKAGE_BUGREPORT ""

configure: exit 0
