This file contains any messages produced by compilers while
running configure, to aid debugging if configure makes a mistake.

It was created by image2000 configure 2dx, which was
generated by GNU Autoconf 2.61.  Invocation command line was

  $ ./configure --prefix=/usr/local/2dx --cache-file=/dev/null --srcdir=.

## --------- ##
## Platform. ##
## --------- ##

hostname = bs-mbp63.local
uname -m = i386
uname -r = 9.8.0
uname -s = Darwin
uname -v = Darwin Kernel Version 9.8.0: Wed Jul 15 16:55:01 PDT 2009; root:xnu-1228.15.4~1/RELEASE_I386

/usr/bin/uname -p = i386
/bin/uname -X     = unknown

/bin/arch              = unknown
/usr/bin/arch -k       = unknown
/usr/convex/getsysinfo = unknown
/usr/bin/hostinfo      = Mach kernel version:
	 Darwin Kernel Version 9.8.0: Wed Jul 15 16:55:01 PDT 2009; root:xnu-1228.15.4~1/RELEASE_I386
Kernel configured for up to 2 processors.
2 processors are physically available.
2 processors are logically available.
Processor type: i486 (Intel 80486)
Processors active: 0 1
Primary memory available: 4.00 gigabytes
Default processor set: 79 tasks, 304 threads, 2 processors
Load average: 1.73, Mach factor: 0.71
/bin/machine           = unknown
/usr/bin/oslevel       = unknown
/bin/universe          = unknown

PATH: /Applications/EMAN//EMAN.1.9/bin
PATH: /Applications/EMAN2//EMAN2.cvs/bin
PATH: /Applications/EMAN2//EMAN2.cvs/sparx/bin
PATH: /opt/local//IMOD/bin
PATH: /opt/local/bin
PATH: /usr/bin
PATH: /bin
PATH: /usr/sbin
PATH: /sbin
PATH: /usr/local/bin
PATH: /usr/texbin
PATH: /usr/X11/bin
PATH: /opt/local/bin
PATH: /usr/local/cuda/bin
PATH: /Users/gipsonb/sources/iplt/stage/bin
PATH: /Users/gipsonb/sources/dng/stage/bin


## ----------- ##
## Core tests. ##
## ----------- ##

configure:1724: checking for icpc
configure:1754: result: no
configure:1724: checking for g++
configure:1740: found /usr/bin/g++
configure:1751: result: g++
configure:1782: checking for C++ compiler version
configure:1789: g++ --version >&5
i686-apple-darwin9-g++-4.0.1 (GCC) 4.0.1 (Apple Inc. build 5490)
Copyright (C) 2005 Free Software Foundation, Inc.
This is free software; see the source for copying conditions.  There is NO
warranty; not even for MERCHANTABILITY or FITNESS FOR A PARTICULAR PURPOSE.

configure:1792: $? = 0
configure:1799: g++ -v >&5
Using built-in specs.
Target: i686-apple-darwin9
Configured with: /var/tmp/gcc/gcc-5490~1/src/configure --disable-checking -enable-werror --prefix=/usr --mandir=/share/man --enable-languages=c,objc,c++,obj-c++ --program-transform-name=/^[cg][^.-]*$/s/$/-4.0/ --with-gxx-include-dir=/include/c++/4.0.0 --with-slibdir=/usr/lib --build=i686-apple-darwin9 --with-arch=apple --with-tune=generic --host=i686-apple-darwin9 --target=i686-apple-darwin9
Thread model: posix
gcc version 4.0.1 (Apple Inc. build 5490)
configure:1802: $? = 0
configure:1809: g++ -V >&5
g++-4.0: argument to `-V' is missing
configure:1812: $? = 1
configure:1835: checking for C++ compiler default output file name
configure:1862: g++    conftest.cpp  >&5
configure:1865: $? = 0
configure:1903: result: a.out
configure:1920: checking whether the C++ compiler works
configure:1930: ./a.out
configure:1933: $? = 0
configure:1950: result: yes
configure:1957: checking whether we are cross compiling
configure:1959: result: no
configure:1962: checking for suffix of executables
configure:1969: g++ -o conftest    conftest.cpp  >&5
configure:1972: $? = 0
configure:1996: result: 
configure:2002: checking for suffix of object files
configure:2028: g++ -c   conftest.cpp >&5
configure:2031: $? = 0
configure:2054: result: o
configure:2058: checking whether we are using the GNU C++ compiler
configure:2087: g++ -c   conftest.cpp >&5
configure:2093: $? = 0
configure:2110: result: yes
configure:2115: checking whether g++ accepts -g
configure:2145: g++ -c -g  conftest.cpp >&5
configure:2151: $? = 0
configure:2250: result: yes
configure:2327: checking for icc
configure:2357: result: no
configure:2327: checking for gcc
configure:2343: found /usr/bin/gcc
configure:2354: result: gcc
configure:2390: checking for C compiler version
configure:2397: gcc --version >&5
i686-apple-darwin9-gcc-4.0.1 (GCC) 4.0.1 (Apple Inc. build 5490)
Copyright (C) 2005 Free Software Foundation, Inc.
This is free software; see the source for copying conditions.  There is NO
warranty; not even for MERCHANTABILITY or FITNESS FOR A PARTICULAR PURPOSE.

configure:2400: $? = 0
configure:2407: gcc -v >&5
Using built-in specs.
Target: i686-apple-darwin9
Configured with: /var/tmp/gcc/gcc-5490~1/src/configure --disable-checking -enable-werror --prefix=/usr --mandir=/share/man --enable-languages=c,objc,c++,obj-c++ --program-transform-name=/^[cg][^.-]*$/s/$/-4.0/ --with-gxx-include-dir=/include/c++/4.0.0 --with-slibdir=/usr/lib --build=i686-apple-darwin9 --with-arch=apple --with-tune=generic --host=i686-apple-darwin9 --target=i686-apple-darwin9
Thread model: posix
gcc version 4.0.1 (Apple Inc. build 5490)
configure:2410: $? = 0
configure:2417: gcc -V >&5
gcc-4.0: argument to `-V' is missing
configure:2420: $? = 1
configure:2423: checking whether we are using the GNU C compiler
configure:2452: gcc -c   conftest.c >&5
configure:2458: $? = 0
configure:2475: result: yes
configure:2480: checking whether gcc accepts -g
configure:2510: gcc -c -g  conftest.c >&5
configure:2516: $? = 0
configure:2615: result: yes
configure:2632: checking for gcc option to accept ISO C89
configure:2706: gcc  -c -g -O2  conftest.c >&5
configure:2712: $? = 0
configure:2735: result: none needed
configure:2806: checking for ifort
configure:2836: result: no
configure:2806: checking for gfortran
configure:2836: result: no
configure:2863: checking for Fortran compiler version
configure:2870:  --version >&5
./configure: line 2871: --version: command not found
configure:2873: $? = 127
configure:2880:  -v >&5
./configure: line 2881: -v: command not found
configure:2883: $? = 127
configure:2890:  -V >&5
./configure: line 2891: -V: command not found
configure:2893: $? = 127
configure:2901: checking whether we are using the GNU Fortran compiler
configure:2920:  -c   conftest.F >&5
./configure: line 2921: -c: command not found
configure:2926: $? = 127
configure: failed program was:
|       program main
| #ifndef __GNUC__
|        choke me
| #endif
| 
|       end
configure:2943: result: no
configure:2949: checking whether  accepts -g
configure:2966:  -c -g  conftest.f >&5
./configure: line 2967: -c: command not found
configure:2972: $? = 127
configure: failed program was:
|       program main
| 
|       end
configure:2988: result: no
configure:3012: checking whether make sets $(MAKE)
configure:3033: result: yes
configure:3086: checking for a BSD-compatible install
configure:3142: result: /opt/local/bin/ginstall -c
configure:3155: checking Setting compiler flags for
configure:3163: result: gfortran
configure:3167: checking for printf in -lSystemStubs
configure:3202: gcc -o conftest -g -O2   conftest.c -lSystemStubs   >&5
conftest.c:15: warning: conflicting types for built-in function 'printf'
configure:3208: $? = 0
configure:3227: result: yes
configure:3241: checking for main in -lstdc++-static
configure:3270: gcc -o conftest -g -O2 -ffast-math  conftest.c -lstdc++-static   >&5
configure:3276: $? = 0
configure:3294: result: yes
configure:3361: checking for printf in -lSystemStubs
configure:3421: result: yes
configure:3559: creating ./config.status

## ---------------------- ##
## Running config.status. ##
## ---------------------- ##

This file was extended by image2000 config.status 2dx, which was
generated by GNU Autoconf 2.61.  Invocation command line was

  CONFIG_FILES    = 
  CONFIG_HEADERS  = 
  CONFIG_LINKS    = 
  CONFIG_COMMANDS = 
  $ ./config.status 

on bs-mbp63.local

config.status:608: creating Makefile
config.status:608: creating lib/Makefile
config.status:608: creating source/Makefile
config.status:608: creating source/2dx_getlat/Makefile
config.status:608: creating source/ctf/Makefile
config.status:608: creating source/maximum_likelihood/Makefile
config.status:608: creating source/peaksearch/Makefile
config.status:608: creating source/endianness/Makefile
config.status:608: creating source/periodogram/Makefile
config.status:608: creating config.h
config.status:816: config.h is unchanged

## ---------------- ##
## Cache variables. ##
## ---------------- ##

ac_cv_c_compiler_gnu=yes
ac_cv_cxx_compiler_gnu=yes
ac_cv_env_CCC_set=
ac_cv_env_CCC_value=
ac_cv_env_CC_set=
ac_cv_env_CC_value=
ac_cv_env_CFLAGS_set=
ac_cv_env_CFLAGS_value=
ac_cv_env_CPPFLAGS_set=
ac_cv_env_CPPFLAGS_value=
ac_cv_env_CXXFLAGS_set=
ac_cv_env_CXXFLAGS_value=
ac_cv_env_CXX_set=
ac_cv_env_CXX_value=
ac_cv_env_FCFLAGS_set=
ac_cv_env_FCFLAGS_value=
ac_cv_env_FC_set=
ac_cv_env_FC_value=
ac_cv_env_LDFLAGS_set=
ac_cv_env_LDFLAGS_value=
ac_cv_env_LIBS_set=
ac_cv_env_LIBS_value=
ac_cv_env_build_alias_set=
ac_cv_env_build_alias_value=
ac_cv_env_host_alias_set=
ac_cv_env_host_alias_value=
ac_cv_env_target_alias_set=
ac_cv_env_target_alias_value=
ac_cv_fc_compiler_gnu=no
ac_cv_lib_SystemStubs_printf=yes
ac_cv_lib_stdcpp_static_main=yes
ac_cv_objext=o
ac_cv_path_install='/opt/local/bin/ginstall -c'
ac_cv_prog_ac_ct_CC=gcc
ac_cv_prog_ac_ct_CXX=g++
ac_cv_prog_cc_c89=
ac_cv_prog_cc_g=yes
ac_cv_prog_cxx_g=yes
ac_cv_prog_fc_g=no
ac_cv_prog_make_make_set=yes

## ----------------- ##
## Output variables. ##
## ----------------- ##

CC='gcc'
CFLAGS='-g -O2'
CPPFLAGS='-ffast-math -dead_strip -static-libgcc'
CXX='g++'
CXXFLAGS='-g -O2'
DEFS='-DHAVE_CONFIG_H'
ECHO_C=''
ECHO_N='-n'
ECHO_T=''
EXEEXT=''
FC=''
FCFLAGS='-O1 -ffixed-line-length-none -fno-second-underscore -fdollar-ok -ffast-math -w -dead_strip -static-libgcc'
INSTALL_DATA='${INSTALL} -m 644'
INSTALL_PROGRAM='${INSTALL}'
INSTALL_SCRIPT='${INSTALL}'
LDFLAGS=''
LIBOBJS=''
LIBS=' -lstdc++-static'
LTLIBOBJS=''
OBJEXT='o'
PACKAGE_BUGREPORT=''
PACKAGE_NAME='image2000'
PACKAGE_STRING='image2000 2dx'
PACKAGE_TARNAME='image2000'
PACKAGE_VERSION='2dx'
PATH_SEPARATOR=':'
SET_MAKE=''
SHELL='/bin/sh'
SUBDIRS='source source/2dx_getlat source/ctf source/peaksearch source/endianness source/periodogram source/maximum_likelihood'
ac_ct_CC='gcc'
ac_ct_CXX='g++'
ac_ct_FC=''
bindir='${exec_prefix}/bin'
build_alias=''
datadir='${datarootdir}'
datarootdir='${prefix}/share'
docdir='${datarootdir}/doc/${PACKAGE_TARNAME}'
dvidir='${docdir}'
exec_prefix='${prefix}'
host_alias=''
htmldir='${docdir}'
includedir='${prefix}/include'
infodir='${datarootdir}/info'
libdir='${exec_prefix}/lib'
libexecdir='${exec_prefix}/libexec'
localedir='${datarootdir}/locale'
localstatedir='${prefix}/var'
mandir='${datarootdir}/man'
oldincludedir='/usr/include'
pdfdir='${docdir}'
prefix='/usr/local/2dx'
program_transform_name='s,x,x,'
psdir='${docdir}'
sbindir='${exec_prefix}/sbin'
sharedstatedir='${prefix}/com'
sysconfdir='${prefix}/etc'
target_alias=''

## ----------- ##
## confdefs.h. ##
## ----------- ##

#define PACKAGE_NAME "image2000"
#define PACKAGE_TARNAME "image2000"
#define PACKAGE_VERSION "2dx"
#define PACKAGE_STRING "image2000 2dx"
#define PACKAGE_BUGREPORT ""

configure: exit 0
